{"C:\\Users\\Виталий\\Desktop\\AJS7-1\\src\\js\\validName.js": {"path":"C:\\Users\\Виталий\\Desktop\\AJS7-1\\src\\js\\validName.js","statementMap":{"0":{"start":{"line":3,"column":4},"end":{"line":5,"column":6}}},"fnMap":{"0":{"name":"(anonymous_0)","decl":{"start":{"line":2,"column":2},"end":{"line":2,"column":3}},"loc":{"start":{"line":2,"column":32},"end":{"line":6,"column":3}},"line":2}},"branchMap":{"0":{"loc":{"start":{"line":4,"column":6},"end":{"line":4,"column":67}},"type":"binary-expr","locations":[{"start":{"line":4,"column":6},"end":{"line":4,"column":39}},{"start":{"line":4,"column":44},"end":{"line":4,"column":66}}],"line":4}},"s":{"0":8},"f":{"0":8},"b":{"0":[8,2]},"_coverageSchema":"1a1c01bbd47fc00a2c39e90264f33305004495a9","hash":"c33123cb923469beeb8c7ae6482d67eaf6f43458"}
}
