{"C:\\Users\\Виталий\\Desktop\\AJS7-1\\src\\js\\validName.js": {"path":"C:\\Users\\Виталий\\Desktop\\AJS7-1\\src\\js\\validName.js","statementMap":{"0":{"start":{"line":3,"column":8},"end":{"line":5,"column":10}}},"fnMap":{"0":{"name":"(anonymous_0)","decl":{"start":{"line":2,"column":4},"end":{"line":2,"column":5}},"loc":{"start":{"line":2,"column":34},"end":{"line":6,"column":5}},"line":2}},"branchMap":{"0":{"loc":{"start":{"line":4,"column":12},"end":{"line":4,"column":75}},"type":"binary-expr","locations":[{"start":{"line":4,"column":12},"end":{"line":4,"column":47}},{"start":{"line":4,"column":52},"end":{"line":4,"column":74}}],"line":4}},"s":{"0":6},"f":{"0":6},"b":{"0":[6,2]},"_coverageSchema":"1a1c01bbd47fc00a2c39e90264f33305004495a9","hash":"8d24b86ea14c8a2f3f319c124324e7fe375153ae"}
}
